{"/home/james/learning-by-annotations/frontend/src/utils/app.state.ts": {"path":"/home/james/learning-by-annotations/frontend/src/utils/app.state.ts","statementMap":{"0":{"start":{"line":1,"column":0},"end":{"line":1,"column":31}},"1":{"start":{"line":4,"column":13},"end":{"line":6,"column":3}}},"fnMap":{},"branchMap":{},"s":{"0":1,"1":1},"f":{},"b":{}}
,"/home/james/learning-by-annotations/frontend/src/utils/seadragon.utils.ts": {"path":"/home/james/learning-by-annotations/frontend/src/utils/seadragon.utils.ts","statementMap":{"0":{"start":{"line":1,"column":0},"end":{"line":1,"column":46}},"1":{"start":{"line":11,"column":22},"end":{"line":14,"column":1}},"2":{"start":{"line":12,"column":16},"end":{"line":12,"column":31}},"3":{"start":{"line":13,"column":2},"end":{"line":13,"column":47}},"4":{"start":{"line":46,"column":9},"end":{"line":46,"column":22}},"5":{"start":{"line":23,"column":24},"end":{"line":25,"column":1}},"6":{"start":{"line":24,"column":2},"end":{"line":24,"column":67}},"7":{"start":{"line":46,"column":24},"end":{"line":46,"column":39}},"8":{"start":{"line":27,"column":24},"end":{"line":31,"column":1}},"9":{"start":{"line":28,"column":20},"end":{"line":28,"column":62}},"10":{"start":{"line":29,"column":17},"end":{"line":29,"column":42}},"11":{"start":{"line":30,"column":2},"end":{"line":30,"column":84}},"12":{"start":{"line":46,"column":57},"end":{"line":46,"column":72}},"13":{"start":{"line":40,"column":23},"end":{"line":44,"column":1}},"14":{"start":{"line":41,"column":21},"end":{"line":41,"column":59}},"15":{"start":{"line":42,"column":32},"end":{"line":42,"column":74}},"16":{"start":{"line":43,"column":2},"end":{"line":43,"column":120}},"17":{"start":{"line":46,"column":41},"end":{"line":46,"column":55}}},"fnMap":{"0":{"name":"(anonymous_0)","decl":{"start":{"line":11,"column":22},"end":{"line":11,"column":23}},"loc":{"start":{"line":11,"column":70},"end":{"line":14,"column":1}}},"1":{"name":"(anonymous_1)","decl":{"start":{"line":23,"column":24},"end":{"line":23,"column":25}},"loc":{"start":{"line":23,"column":72},"end":{"line":25,"column":1}}},"2":{"name":"(anonymous_2)","decl":{"start":{"line":27,"column":24},"end":{"line":27,"column":25}},"loc":{"start":{"line":27,"column":69},"end":{"line":31,"column":1}}},"3":{"name":"(anonymous_3)","decl":{"start":{"line":40,"column":23},"end":{"line":40,"column":24}},"loc":{"start":{"line":40,"column":73},"end":{"line":44,"column":1}}}},"branchMap":{"0":{"loc":{"start":{"line":43,"column":9},"end":{"line":43,"column":119}},"type":"binary-expr","locations":[{"start":{"line":43,"column":9},"end":{"line":43,"column":26}},{"start":{"line":43,"column":30},"end":{"line":43,"column":62}},{"start":{"line":43,"column":66},"end":{"line":43,"column":83}},{"start":{"line":43,"column":87},"end":{"line":43,"column":119}}]}},"s":{"0":1,"1":1,"2":1,"3":1,"4":1,"5":1,"6":1,"7":1,"8":1,"9":0,"10":0,"11":0,"12":1,"13":1,"14":0,"15":0,"16":0,"17":1},"f":{"0":1,"1":1,"2":0,"3":0},"b":{"0":[0,0,0,0]}}
}
